<?xml version="1.0" encoding="UTF-8"?>
<robot generator="Robot 3.2.1 (Python 3.8.5 on win32)" generated="20200729 21:03:47.542" rpa="false">
<suite id="s1" name="Cadastro-Usuario" source="c:\Projetos\roboweek\ninjachef\web\tests\cadastro-usuario.robot">
<test id="s1-t1" name="Cadastro simples">
<kw name="Open Session" library="base" type="setup">
<kw name="Open Browser" library="SeleniumLibrary">
<doc>Opens a new browser instance to the optional ``url``.</doc>
<arguments>
<arg>about:blank</arg>
<arg>firefox</arg>
</arguments>
<msg timestamp="20200729 21:03:47.865" level="INFO">Opening browser 'firefox' to base url 'about:blank'.</msg>
<msg timestamp="20200729 21:03:47.878" level="INFO">Firefox driver log is always forced to to: c:\Projetos\roboweek\ninjachef\web\logs\geckodriver-52.log</msg>
<status status="PASS" starttime="20200729 21:03:47.865" endtime="20200729 21:03:59.987"></status>
</kw>
<status status="PASS" starttime="20200729 21:03:47.864" endtime="20200729 21:03:59.987"></status>
</kw>
<kw name="Dado que acesso a página principal" library="kws">
<kw name="Go To" library="SeleniumLibrary">
<doc>Navigates the current browser window to the provided ``url``.</doc>
<arguments>
<arg>${base_url}</arg>
</arguments>
<msg timestamp="20200729 21:03:59.989" level="INFO">Opening url 'http://ninjachef-qaninja-io.umbler.net/'</msg>
<status status="PASS" starttime="20200729 21:03:59.989" endtime="20200729 21:04:02.835"></status>
</kw>
<status status="PASS" starttime="20200729 21:03:59.988" endtime="20200729 21:04:02.836"></status>
</kw>
<kw name="Quando submeto o meu email &quot;joao@gmail.com&quot;" library="kws">
<kw name="Input Text" library="SeleniumLibrary">
<doc>Types the given ``text`` into the text field identified by ``locator``.</doc>
<arguments>
<arg>${CAMPO_EMAIL}</arg>
<arg>${email}</arg>
</arguments>
<msg timestamp="20200729 21:04:02.845" level="INFO">Typing text 'joao@gmail.com' into text field 'id:email'.</msg>
<status status="PASS" starttime="20200729 21:04:02.844" endtime="20200729 21:04:03.050"></status>
</kw>
<kw name="Click Element" library="SeleniumLibrary">
<doc>Click the element identified by ``locator``.</doc>
<arguments>
<arg>${BOTAO_ENTRAR}</arg>
</arguments>
<msg timestamp="20200729 21:04:03.051" level="INFO">Clicking element 'css:button[type=submit]'.</msg>
<status status="PASS" starttime="20200729 21:04:03.050" endtime="20200729 21:04:03.313"></status>
</kw>
<status status="PASS" starttime="20200729 21:04:02.843" endtime="20200729 21:04:03.314"></status>
</kw>
<kw name="Então devo ser autenticado" library="kws">
<kw name="Wait Until Page Contains Element" library="SeleniumLibrary">
<doc>Waits until the element ``locator`` appears on the current page.</doc>
<arguments>
<arg>${DIV_DASH}</arg>
</arguments>
<status status="PASS" starttime="20200729 21:04:03.317" endtime="20200729 21:04:03.526"></status>
</kw>
<status status="PASS" starttime="20200729 21:04:03.316" endtime="20200729 21:04:03.526"></status>
</kw>
<kw name="Close Session" library="base" type="teardown">
<kw name="Capture Page Screenshot" library="SeleniumLibrary">
<doc>Takes a screenshot of the current page and embeds it into a log file.</doc>
<msg timestamp="20200729 21:04:03.820" level="INFO" html="yes">&lt;/td&gt;&lt;/tr&gt;&lt;tr&gt;&lt;td colspan="3"&gt;&lt;a href="selenium-screenshot-46.png"&gt;&lt;img src="selenium-screenshot-46.png" width="800px"&gt;&lt;/a&gt;</msg>
<status status="PASS" starttime="20200729 21:04:03.527" endtime="20200729 21:04:03.821"></status>
</kw>
<kw name="Close Browser" library="SeleniumLibrary">
<doc>Closes the current browser.</doc>
<status status="PASS" starttime="20200729 21:04:03.821" endtime="20200729 21:04:07.887"></status>
</kw>
<status status="PASS" starttime="20200729 21:04:03.527" endtime="20200729 21:04:07.887"></status>
</kw>
<status status="PASS" starttime="20200729 21:03:47.863" endtime="20200729 21:04:07.888" critical="yes"></status>
</test>
<test id="s1-t2" name="Email incorreto">
<kw name="Open Session" library="base" type="setup">
<kw name="Open Browser" library="SeleniumLibrary">
<doc>Opens a new browser instance to the optional ``url``.</doc>
<arguments>
<arg>about:blank</arg>
<arg>firefox</arg>
</arguments>
<msg timestamp="20200729 21:04:07.892" level="INFO">Opening browser 'firefox' to base url 'about:blank'.</msg>
<msg timestamp="20200729 21:04:07.895" level="INFO">Firefox driver log is always forced to to: c:\Projetos\roboweek\ninjachef\web\logs\geckodriver-53.log</msg>
<status status="PASS" starttime="20200729 21:04:07.891" endtime="20200729 21:04:17.734"></status>
</kw>
<status status="PASS" starttime="20200729 21:04:07.890" endtime="20200729 21:04:17.735"></status>
</kw>
<kw name="Dado que acesso a página principal" library="kws">
<kw name="Go To" library="SeleniumLibrary">
<doc>Navigates the current browser window to the provided ``url``.</doc>
<arguments>
<arg>${base_url}</arg>
</arguments>
<msg timestamp="20200729 21:04:17.739" level="INFO">Opening url 'http://ninjachef-qaninja-io.umbler.net/'</msg>
<status status="PASS" starttime="20200729 21:04:17.737" endtime="20200729 21:04:20.533"></status>
</kw>
<status status="PASS" starttime="20200729 21:04:17.736" endtime="20200729 21:04:20.533"></status>
</kw>
<kw name="Quando submeto o meu email &quot;joao&amp;gmail.com&quot;" library="kws">
<kw name="Input Text" library="SeleniumLibrary">
<doc>Types the given ``text`` into the text field identified by ``locator``.</doc>
<arguments>
<arg>${CAMPO_EMAIL}</arg>
<arg>${email}</arg>
</arguments>
<msg timestamp="20200729 21:04:20.541" level="INFO">Typing text 'joao&amp;gmail.com' into text field 'id:email'.</msg>
<status status="PASS" starttime="20200729 21:04:20.540" endtime="20200729 21:04:20.692"></status>
</kw>
<kw name="Click Element" library="SeleniumLibrary">
<doc>Click the element identified by ``locator``.</doc>
<arguments>
<arg>${BOTAO_ENTRAR}</arg>
</arguments>
<msg timestamp="20200729 21:04:20.692" level="INFO">Clicking element 'css:button[type=submit]'.</msg>
<status status="PASS" starttime="20200729 21:04:20.692" endtime="20200729 21:04:20.946"></status>
</kw>
<status status="PASS" starttime="20200729 21:04:20.537" endtime="20200729 21:04:20.946"></status>
</kw>
<kw name="Então devo ver a mensagem &quot;Oops. Informe um email válido!&quot;" library="kws">
<kw name="Wait Until Element Contains" library="SeleniumLibrary">
<doc>Waits until the element ``locator`` contains ``text``.</doc>
<arguments>
<arg>${DIV_ALERT}</arg>
<arg>${expect_message}</arg>
</arguments>
<status status="PASS" starttime="20200729 21:04:20.948" endtime="20200729 21:04:20.967"></status>
</kw>
<status status="PASS" starttime="20200729 21:04:20.947" endtime="20200729 21:04:20.968"></status>
</kw>
<kw name="Close Session" library="base" type="teardown">
<kw name="Capture Page Screenshot" library="SeleniumLibrary">
<doc>Takes a screenshot of the current page and embeds it into a log file.</doc>
<msg timestamp="20200729 21:04:21.179" level="INFO" html="yes">&lt;/td&gt;&lt;/tr&gt;&lt;tr&gt;&lt;td colspan="3"&gt;&lt;a href="selenium-screenshot-47.png"&gt;&lt;img src="selenium-screenshot-47.png" width="800px"&gt;&lt;/a&gt;</msg>
<status status="PASS" starttime="20200729 21:04:20.969" endtime="20200729 21:04:21.179"></status>
</kw>
<kw name="Close Browser" library="SeleniumLibrary">
<doc>Closes the current browser.</doc>
<status status="PASS" starttime="20200729 21:04:21.180" endtime="20200729 21:04:24.757"></status>
</kw>
<status status="PASS" starttime="20200729 21:04:20.969" endtime="20200729 21:04:24.758"></status>
</kw>
<status status="PASS" starttime="20200729 21:04:07.889" endtime="20200729 21:04:24.758" critical="yes"></status>
</test>
<test id="s1-t3" name="Email não informado">
<kw name="Open Session" library="base" type="setup">
<kw name="Open Browser" library="SeleniumLibrary">
<doc>Opens a new browser instance to the optional ``url``.</doc>
<arguments>
<arg>about:blank</arg>
<arg>firefox</arg>
</arguments>
<msg timestamp="20200729 21:04:24.761" level="INFO">Opening browser 'firefox' to base url 'about:blank'.</msg>
<msg timestamp="20200729 21:04:24.766" level="INFO">Firefox driver log is always forced to to: c:\Projetos\roboweek\ninjachef\web\logs\geckodriver-54.log</msg>
<status status="PASS" starttime="20200729 21:04:24.761" endtime="20200729 21:04:33.655"></status>
</kw>
<status status="PASS" starttime="20200729 21:04:24.760" endtime="20200729 21:04:33.655"></status>
</kw>
<kw name="Dado que acesso a página principal" library="kws">
<kw name="Go To" library="SeleniumLibrary">
<doc>Navigates the current browser window to the provided ``url``.</doc>
<arguments>
<arg>${base_url}</arg>
</arguments>
<msg timestamp="20200729 21:04:33.658" level="INFO">Opening url 'http://ninjachef-qaninja-io.umbler.net/'</msg>
<status status="PASS" starttime="20200729 21:04:33.657" endtime="20200729 21:04:36.556"></status>
</kw>
<status status="PASS" starttime="20200729 21:04:33.656" endtime="20200729 21:04:36.556"></status>
</kw>
<kw name="Quando submeto o meu email &quot;${EMPTY}&quot;" library="kws">
<kw name="Input Text" library="SeleniumLibrary">
<doc>Types the given ``text`` into the text field identified by ``locator``.</doc>
<arguments>
<arg>${CAMPO_EMAIL}</arg>
<arg>${email}</arg>
</arguments>
<msg timestamp="20200729 21:04:36.558" level="INFO">Typing text '' into text field 'id:email'.</msg>
<status status="PASS" starttime="20200729 21:04:36.557" endtime="20200729 21:04:36.621"></status>
</kw>
<kw name="Click Element" library="SeleniumLibrary">
<doc>Click the element identified by ``locator``.</doc>
<arguments>
<arg>${BOTAO_ENTRAR}</arg>
</arguments>
<msg timestamp="20200729 21:04:36.622" level="INFO">Clicking element 'css:button[type=submit]'.</msg>
<status status="PASS" starttime="20200729 21:04:36.621" endtime="20200729 21:04:36.886"></status>
</kw>
<status status="PASS" starttime="20200729 21:04:36.557" endtime="20200729 21:04:36.886"></status>
</kw>
<kw name="Então devo ver a mensagem &quot;Oops. Informe um email válido!&quot;" library="kws">
<kw name="Wait Until Element Contains" library="SeleniumLibrary">
<doc>Waits until the element ``locator`` contains ``text``.</doc>
<arguments>
<arg>${DIV_ALERT}</arg>
<arg>${expect_message}</arg>
</arguments>
<status status="PASS" starttime="20200729 21:04:36.887" endtime="20200729 21:04:36.909"></status>
</kw>
<status status="PASS" starttime="20200729 21:04:36.887" endtime="20200729 21:04:36.909"></status>
</kw>
<kw name="Close Session" library="base" type="teardown">
<kw name="Capture Page Screenshot" library="SeleniumLibrary">
<doc>Takes a screenshot of the current page and embeds it into a log file.</doc>
<msg timestamp="20200729 21:04:37.110" level="INFO" html="yes">&lt;/td&gt;&lt;/tr&gt;&lt;tr&gt;&lt;td colspan="3"&gt;&lt;a href="selenium-screenshot-48.png"&gt;&lt;img src="selenium-screenshot-48.png" width="800px"&gt;&lt;/a&gt;</msg>
<status status="PASS" starttime="20200729 21:04:36.910" endtime="20200729 21:04:37.110"></status>
</kw>
<kw name="Close Browser" library="SeleniumLibrary">
<doc>Closes the current browser.</doc>
<status status="PASS" starttime="20200729 21:04:37.111" endtime="20200729 21:04:40.242"></status>
</kw>
<status status="PASS" starttime="20200729 21:04:36.910" endtime="20200729 21:04:40.243"></status>
</kw>
<status status="PASS" starttime="20200729 21:04:24.760" endtime="20200729 21:04:40.243" critical="yes"></status>
</test>
<doc>Suite dos testes de cadastro</doc>
<status status="PASS" starttime="20200729 21:03:47.544" endtime="20200729 21:04:40.248"></status>
</suite>
<statistics>
<total>
<stat pass="3" fail="0">Critical Tests</stat>
<stat pass="3" fail="0">All Tests</stat>
</total>
<tag>
</tag>
<suite>
<stat pass="3" fail="0" id="s1" name="Cadastro-Usuario">Cadastro-Usuario</stat>
</suite>
</statistics>
<errors>
</errors>
</robot>
