<?xml version="1.0" encoding="UTF-8"?>
<robot generator="Robot 3.2.1 (Python 3.8.5 on win32)" generated="20200730 16:53:27.582" rpa="false">
<suite id="s1" name="Cadastro-Usuario" source="c:\Projetos\roboweek\ninjachef\web\tests\cadastro-usuario.robot">
<test id="s1-t1" name="Cadastro simples">
<kw name="Open Session" library="base" type="setup">
<kw name="Open Browser" library="SeleniumLibrary">
<doc>Opens a new browser instance to the optional ``url``.</doc>
<arguments>
<arg>about:blank</arg>
<arg>firefox</arg>
</arguments>
<msg timestamp="20200730 16:53:27.885" level="INFO">Opening browser 'firefox' to base url 'about:blank'.</msg>
<msg timestamp="20200730 16:53:27.892" level="INFO">Firefox driver log is always forced to to: c:\Projetos\roboweek\ninjachef\web\logs\geckodriver-66.log</msg>
<status status="PASS" starttime="20200730 16:53:27.885" endtime="20200730 16:53:36.892"></status>
</kw>
<status status="PASS" starttime="20200730 16:53:27.885" endtime="20200730 16:53:36.892"></status>
</kw>
<kw name="Dado que acesso a página principal" library="kws">
<kw name="Go To" library="SeleniumLibrary">
<doc>Navigates the current browser window to the provided ``url``.</doc>
<arguments>
<arg>${base_url}</arg>
</arguments>
<msg timestamp="20200730 16:53:36.896" level="INFO">Opening url 'http://ninjachef-qaninja-io.umbler.net/'</msg>
<status status="PASS" starttime="20200730 16:53:36.895" endtime="20200730 16:53:38.803"></status>
</kw>
<status status="PASS" starttime="20200730 16:53:36.894" endtime="20200730 16:53:38.804"></status>
</kw>
<kw name="Quando submeto o meu email &quot;joao@teste.com&quot;" library="kws">
<kw name="Input Text" library="SeleniumLibrary">
<doc>Types the given ``text`` into the text field identified by ``locator``.</doc>
<arguments>
<arg>${CAMPO_EMAIL}</arg>
<arg>${email}</arg>
</arguments>
<msg timestamp="20200730 16:53:38.811" level="INFO">Typing text 'joao@teste.com' into text field 'id:email'.</msg>
<status status="PASS" starttime="20200730 16:53:38.811" endtime="20200730 16:53:38.953"></status>
</kw>
<kw name="Click Element" library="SeleniumLibrary">
<doc>Click the element identified by ``locator``.</doc>
<arguments>
<arg>${BOTAO_ENTRAR}</arg>
</arguments>
<msg timestamp="20200730 16:53:38.954" level="INFO">Clicking element 'css:button[type=submit]'.</msg>
<status status="PASS" starttime="20200730 16:53:38.954" endtime="20200730 16:53:39.202"></status>
</kw>
<status status="PASS" starttime="20200730 16:53:38.810" endtime="20200730 16:53:39.205"></status>
</kw>
<kw name="Então devo ser autenticado" library="kws">
<kw name="Wait Until Page Contains Element" library="SeleniumLibrary">
<doc>Waits until the element ``locator`` appears on the current page.</doc>
<arguments>
<arg>${DIV_DASH}</arg>
</arguments>
<status status="PASS" starttime="20200730 16:53:39.210" endtime="20200730 16:53:39.418"></status>
</kw>
<status status="PASS" starttime="20200730 16:53:39.209" endtime="20200730 16:53:39.418"></status>
</kw>
<kw name="Close Session" library="base" type="teardown">
<kw name="Capture Page Screenshot" library="SeleniumLibrary">
<doc>Takes a screenshot of the current page and embeds it into a log file.</doc>
<msg timestamp="20200730 16:53:39.622" level="INFO" html="yes">&lt;/td&gt;&lt;/tr&gt;&lt;tr&gt;&lt;td colspan="3"&gt;&lt;a href="selenium-screenshot-67.png"&gt;&lt;img src="selenium-screenshot-67.png" width="800px"&gt;&lt;/a&gt;</msg>
<status status="PASS" starttime="20200730 16:53:39.420" endtime="20200730 16:53:39.622"></status>
</kw>
<kw name="Close Browser" library="SeleniumLibrary">
<doc>Closes the current browser.</doc>
<status status="PASS" starttime="20200730 16:53:39.622" endtime="20200730 16:53:42.595"></status>
</kw>
<status status="PASS" starttime="20200730 16:53:39.419" endtime="20200730 16:53:42.596"></status>
</kw>
<status status="PASS" starttime="20200730 16:53:27.884" endtime="20200730 16:53:42.599" critical="yes"></status>
</test>
<test id="s1-t2" name="Email incorreto">
<kw name="Open Session" library="base" type="setup">
<kw name="Open Browser" library="SeleniumLibrary">
<doc>Opens a new browser instance to the optional ``url``.</doc>
<arguments>
<arg>about:blank</arg>
<arg>firefox</arg>
</arguments>
<msg timestamp="20200730 16:53:42.607" level="INFO">Opening browser 'firefox' to base url 'about:blank'.</msg>
<msg timestamp="20200730 16:53:42.611" level="INFO">Firefox driver log is always forced to to: c:\Projetos\roboweek\ninjachef\web\logs\geckodriver-67.log</msg>
<status status="PASS" starttime="20200730 16:53:42.605" endtime="20200730 16:53:51.479"></status>
</kw>
<status status="PASS" starttime="20200730 16:53:42.603" endtime="20200730 16:53:51.480"></status>
</kw>
<kw name="Dado que acesso a página principal" library="kws">
<kw name="Go To" library="SeleniumLibrary">
<doc>Navigates the current browser window to the provided ``url``.</doc>
<arguments>
<arg>${base_url}</arg>
</arguments>
<msg timestamp="20200730 16:53:51.485" level="INFO">Opening url 'http://ninjachef-qaninja-io.umbler.net/'</msg>
<status status="PASS" starttime="20200730 16:53:51.484" endtime="20200730 16:53:54.446"></status>
</kw>
<status status="PASS" starttime="20200730 16:53:51.483" endtime="20200730 16:53:54.447"></status>
</kw>
<kw name="Quando submeto o meu email &quot;joao&amp;gmail.com&quot;" library="kws">
<kw name="Input Text" library="SeleniumLibrary">
<doc>Types the given ``text`` into the text field identified by ``locator``.</doc>
<arguments>
<arg>${CAMPO_EMAIL}</arg>
<arg>${email}</arg>
</arguments>
<msg timestamp="20200730 16:53:54.448" level="INFO">Typing text 'joao&amp;gmail.com' into text field 'id:email'.</msg>
<status status="PASS" starttime="20200730 16:53:54.448" endtime="20200730 16:53:54.687"></status>
</kw>
<kw name="Click Element" library="SeleniumLibrary">
<doc>Click the element identified by ``locator``.</doc>
<arguments>
<arg>${BOTAO_ENTRAR}</arg>
</arguments>
<msg timestamp="20200730 16:53:54.688" level="INFO">Clicking element 'css:button[type=submit]'.</msg>
<status status="PASS" starttime="20200730 16:53:54.687" endtime="20200730 16:53:54.943"></status>
</kw>
<status status="PASS" starttime="20200730 16:53:54.447" endtime="20200730 16:53:54.944"></status>
</kw>
<kw name="Então devo ver a mensagem &quot;Oops. Informe um email!&quot;" library="kws">
<kw name="Wait Until Element Contains" library="SeleniumLibrary">
<doc>Waits until the element ``locator`` contains ``text``.</doc>
<arguments>
<arg>${DIV_ALERT}</arg>
<arg>${expect_message}</arg>
</arguments>
<kw name="Capture Page Screenshot" library="SeleniumLibrary">
<doc>Takes a screenshot of the current page and embeds it into a log file.</doc>
<msg timestamp="20200730 16:54:00.285" level="INFO" html="yes">&lt;/td&gt;&lt;/tr&gt;&lt;tr&gt;&lt;td colspan="3"&gt;&lt;a href="selenium-screenshot-68.png"&gt;&lt;img src="selenium-screenshot-68.png" width="800px"&gt;&lt;/a&gt;</msg>
<status status="PASS" starttime="20200730 16:54:00.095" endtime="20200730 16:54:00.285"></status>
</kw>
<msg timestamp="20200730 16:54:00.354" level="FAIL">Element 'class:alert' did not get text 'Oops. Informe um email!' in 5 seconds.</msg>
<status status="FAIL" starttime="20200730 16:53:54.944" endtime="20200730 16:54:00.354"></status>
</kw>
<status status="FAIL" starttime="20200730 16:53:54.944" endtime="20200730 16:54:00.355"></status>
</kw>
<kw name="Close Session" library="base" type="teardown">
<kw name="Capture Page Screenshot" library="SeleniumLibrary">
<doc>Takes a screenshot of the current page and embeds it into a log file.</doc>
<msg timestamp="20200730 16:54:00.535" level="INFO" html="yes">&lt;/td&gt;&lt;/tr&gt;&lt;tr&gt;&lt;td colspan="3"&gt;&lt;a href="selenium-screenshot-69.png"&gt;&lt;img src="selenium-screenshot-69.png" width="800px"&gt;&lt;/a&gt;</msg>
<status status="PASS" starttime="20200730 16:54:00.356" endtime="20200730 16:54:00.535"></status>
</kw>
<kw name="Close Browser" library="SeleniumLibrary">
<doc>Closes the current browser.</doc>
<status status="PASS" starttime="20200730 16:54:00.535" endtime="20200730 16:54:03.762"></status>
</kw>
<status status="PASS" starttime="20200730 16:54:00.356" endtime="20200730 16:54:03.763"></status>
</kw>
<status status="FAIL" starttime="20200730 16:53:42.602" endtime="20200730 16:54:03.766" critical="yes">Element 'class:alert' did not get text 'Oops. Informe um email!' in 5 seconds.</status>
</test>
<test id="s1-t3" name="Email não informado">
<kw name="Open Session" library="base" type="setup">
<kw name="Open Browser" library="SeleniumLibrary">
<doc>Opens a new browser instance to the optional ``url``.</doc>
<arguments>
<arg>about:blank</arg>
<arg>firefox</arg>
</arguments>
<msg timestamp="20200730 16:54:03.773" level="INFO">Opening browser 'firefox' to base url 'about:blank'.</msg>
<msg timestamp="20200730 16:54:03.779" level="INFO">Firefox driver log is always forced to to: c:\Projetos\roboweek\ninjachef\web\logs\geckodriver-68.log</msg>
<status status="PASS" starttime="20200730 16:54:03.772" endtime="20200730 16:54:12.291"></status>
</kw>
<status status="PASS" starttime="20200730 16:54:03.771" endtime="20200730 16:54:12.292"></status>
</kw>
<kw name="Dado que acesso a página principal" library="kws">
<kw name="Go To" library="SeleniumLibrary">
<doc>Navigates the current browser window to the provided ``url``.</doc>
<arguments>
<arg>${base_url}</arg>
</arguments>
<msg timestamp="20200730 16:54:12.295" level="INFO">Opening url 'http://ninjachef-qaninja-io.umbler.net/'</msg>
<status status="PASS" starttime="20200730 16:54:12.294" endtime="20200730 16:54:15.825"></status>
</kw>
<status status="PASS" starttime="20200730 16:54:12.293" endtime="20200730 16:54:15.825"></status>
</kw>
<kw name="Quando submeto o meu email &quot;${EMPTY}&quot;" library="kws">
<kw name="Input Text" library="SeleniumLibrary">
<doc>Types the given ``text`` into the text field identified by ``locator``.</doc>
<arguments>
<arg>${CAMPO_EMAIL}</arg>
<arg>${email}</arg>
</arguments>
<msg timestamp="20200730 16:54:15.826" level="INFO">Typing text '' into text field 'id:email'.</msg>
<status status="PASS" starttime="20200730 16:54:15.826" endtime="20200730 16:54:15.882"></status>
</kw>
<kw name="Click Element" library="SeleniumLibrary">
<doc>Click the element identified by ``locator``.</doc>
<arguments>
<arg>${BOTAO_ENTRAR}</arg>
</arguments>
<msg timestamp="20200730 16:54:15.882" level="INFO">Clicking element 'css:button[type=submit]'.</msg>
<status status="PASS" starttime="20200730 16:54:15.882" endtime="20200730 16:54:16.144"></status>
</kw>
<status status="PASS" starttime="20200730 16:54:15.825" endtime="20200730 16:54:16.144"></status>
</kw>
<kw name="Então devo ver a mensagem &quot;Oops. Informe um email válido!&quot;" library="kws">
<kw name="Wait Until Element Contains" library="SeleniumLibrary">
<doc>Waits until the element ``locator`` contains ``text``.</doc>
<arguments>
<arg>${DIV_ALERT}</arg>
<arg>${expect_message}</arg>
</arguments>
<status status="PASS" starttime="20200730 16:54:16.146" endtime="20200730 16:54:16.171"></status>
</kw>
<status status="PASS" starttime="20200730 16:54:16.145" endtime="20200730 16:54:16.171"></status>
</kw>
<kw name="Close Session" library="base" type="teardown">
<kw name="Capture Page Screenshot" library="SeleniumLibrary">
<doc>Takes a screenshot of the current page and embeds it into a log file.</doc>
<msg timestamp="20200730 16:54:16.353" level="INFO" html="yes">&lt;/td&gt;&lt;/tr&gt;&lt;tr&gt;&lt;td colspan="3"&gt;&lt;a href="selenium-screenshot-70.png"&gt;&lt;img src="selenium-screenshot-70.png" width="800px"&gt;&lt;/a&gt;</msg>
<status status="PASS" starttime="20200730 16:54:16.172" endtime="20200730 16:54:16.353"></status>
</kw>
<kw name="Close Browser" library="SeleniumLibrary">
<doc>Closes the current browser.</doc>
<status status="PASS" starttime="20200730 16:54:16.354" endtime="20200730 16:54:19.968"></status>
</kw>
<status status="PASS" starttime="20200730 16:54:16.172" endtime="20200730 16:54:19.969"></status>
</kw>
<status status="PASS" starttime="20200730 16:54:03.771" endtime="20200730 16:54:19.971" critical="yes"></status>
</test>
<doc>Suite dos testes de cadastro</doc>
<status status="FAIL" starttime="20200730 16:53:27.584" endtime="20200730 16:54:19.975"></status>
</suite>
<statistics>
<total>
<stat pass="2" fail="1">Critical Tests</stat>
<stat pass="2" fail="1">All Tests</stat>
</total>
<tag>
</tag>
<suite>
<stat pass="2" fail="1" id="s1" name="Cadastro-Usuario">Cadastro-Usuario</stat>
</suite>
</statistics>
<errors>
</errors>
</robot>
