<?xml version="1.0" encoding="UTF-8"?>
<robot generator="Robot 3.2.1 (Python 3.8.3 on win32)" generated="20200719 21:17:06.270" rpa="false">
<suite id="s1" name="Produtos" source="c:\Projetos\roboweek\ninjachef\tests\produtos.robot">
<test id="s1-t1" name="Novo prato">
<kw name="Login Session" library="helpers" type="setup">
<arguments>
<arg>joao@gmail.com</arg>
</arguments>
<kw name="Open Session" library="base">
<kw name="Open Browser" library="SeleniumLibrary">
<doc>Opens a new browser instance to the optional ``url``.</doc>
<arguments>
<arg>about:blank</arg>
<arg>firefox</arg>
</arguments>
<msg timestamp="20200719 21:17:07.402" level="INFO">Opening browser 'firefox' to base url 'about:blank'.</msg>
<msg timestamp="20200719 21:17:07.412" level="INFO">Firefox driver log is always forced to to: c:\Projetos\roboweek\ninjachef\logs\geckodriver-25.log</msg>
<status status="PASS" starttime="20200719 21:17:07.402" endtime="20200719 21:17:26.014"></status>
</kw>
<status status="PASS" starttime="20200719 21:17:07.402" endtime="20200719 21:17:26.014"></status>
</kw>
<kw name="Go To" library="SeleniumLibrary">
<doc>Navigates the current browser window to the provided ``url``.</doc>
<arguments>
<arg>http://ninjachef-qaninja-io.umbler.net/</arg>
</arguments>
<msg timestamp="20200719 21:17:26.014" level="INFO">Opening url 'http://ninjachef-qaninja-io.umbler.net/'</msg>
<status status="PASS" starttime="20200719 21:17:26.014" endtime="20200719 21:17:31.264"></status>
</kw>
<kw name="Input Text" library="SeleniumLibrary">
<doc>Types the given ``text`` into the text field identified by ``locator``.</doc>
<arguments>
<arg>id:email</arg>
<arg>${email}</arg>
</arguments>
<msg timestamp="20200719 21:17:31.264" level="INFO">Typing text 'joao@gmail.com' into text field 'id:email'.</msg>
<status status="PASS" starttime="20200719 21:17:31.264" endtime="20200719 21:17:31.706"></status>
</kw>
<kw name="Click Element" library="SeleniumLibrary">
<doc>Click the element identified by ``locator``.</doc>
<arguments>
<arg>css:button[type=submit]</arg>
</arguments>
<msg timestamp="20200719 21:17:31.706" level="INFO">Clicking element 'css:button[type=submit]'.</msg>
<status status="PASS" starttime="20200719 21:17:31.706" endtime="20200719 21:17:32.053"></status>
</kw>
<kw name="Wait Until Page Contains Element" library="SeleniumLibrary">
<doc>Waits until the element ``locator`` appears on the current page.</doc>
<arguments>
<arg>class:dashboard</arg>
</arguments>
<status status="PASS" starttime="20200719 21:17:32.053" endtime="20200719 21:17:32.302"></status>
</kw>
<status status="PASS" starttime="20200719 21:17:07.402" endtime="20200719 21:17:32.302"></status>
</kw>
<kw name="Dado que &quot;${lasanha}&quot; é um dos meus pratos" library="kws">
<kw name="Set Test Variable" library="BuiltIn">
<doc>Makes a variable available everywhere within the scope of the current test.</doc>
<arguments>
<arg>${produto}</arg>
</arguments>
<msg timestamp="20200719 21:17:32.312" level="INFO">${produto} = {'img': 'lasanha.png', 'nome': 'Lasanha de Carne', 'tipo': 'Massas', 'preco': '15.00'}</msg>
<status status="PASS" starttime="20200719 21:17:32.312" endtime="20200719 21:17:32.312"></status>
</kw>
<status status="PASS" starttime="20200719 21:17:32.312" endtime="20200719 21:17:32.312"></status>
</kw>
<kw name="Quando faço o cadastro desse item" library="kws">
<kw name="Wait Until Element Is Visible" library="SeleniumLibrary">
<doc>Waits until the element ``locator`` is visible.</doc>
<arguments>
<arg>class:btn-add</arg>
<arg>5</arg>
</arguments>
<status status="PASS" starttime="20200719 21:17:32.332" endtime="20200719 21:17:32.728"></status>
</kw>
<kw name="Click Element" library="SeleniumLibrary">
<doc>Click the element identified by ``locator``.</doc>
<arguments>
<arg>class:btn-add</arg>
</arguments>
<msg timestamp="20200719 21:17:32.728" level="INFO">Clicking element 'class:btn-add'.</msg>
<status status="PASS" starttime="20200719 21:17:32.728" endtime="20200719 21:17:33.135"></status>
</kw>
<kw name="Choose File" library="SeleniumLibrary">
<doc>Inputs the ``file_path`` into the file input field ``locator``.</doc>
<arguments>
<arg>css:input[id=thumbnail]</arg>
<arg>${EXECDIR}\\resourses\\images\\${produto['img']}</arg>
</arguments>
<msg timestamp="20200719 21:17:33.135" level="INFO">Sending c:\Projetos\roboweek\ninjachef\resourses\images\lasanha.png to browser.</msg>
<status status="PASS" starttime="20200719 21:17:33.135" endtime="20200719 21:17:33.184"></status>
</kw>
<kw name="Input Text" library="SeleniumLibrary">
<doc>Types the given ``text`` into the text field identified by ``locator``.</doc>
<arguments>
<arg>id:name</arg>
<arg>${produto['nome']}</arg>
</arguments>
<msg timestamp="20200719 21:17:33.184" level="INFO">Typing text 'Lasanha de Carne' into text field 'id:name'.</msg>
<status status="PASS" starttime="20200719 21:17:33.184" endtime="20200719 21:17:33.334"></status>
</kw>
<kw name="Input Text" library="SeleniumLibrary">
<doc>Types the given ``text`` into the text field identified by ``locator``.</doc>
<arguments>
<arg>id:plate</arg>
<arg>${produto['tipo']}</arg>
</arguments>
<msg timestamp="20200719 21:17:33.334" level="INFO">Typing text 'Massas' into text field 'id:plate'.</msg>
<status status="PASS" starttime="20200719 21:17:33.334" endtime="20200719 21:17:33.503"></status>
</kw>
<kw name="Input Text" library="SeleniumLibrary">
<doc>Types the given ``text`` into the text field identified by ``locator``.</doc>
<arguments>
<arg>id:price</arg>
<arg>${produto['preco']}</arg>
</arguments>
<msg timestamp="20200719 21:17:33.503" level="INFO">Typing text '15.00' into text field 'id:price'.</msg>
<status status="PASS" starttime="20200719 21:17:33.503" endtime="20200719 21:17:33.582"></status>
</kw>
<kw name="Sleep" library="BuiltIn">
<doc>Pauses the test executed for the given time.</doc>
<arguments>
<arg>10</arg>
</arguments>
<msg timestamp="20200719 21:17:43.584" level="INFO">Slept 10 seconds</msg>
<status status="PASS" starttime="20200719 21:17:33.582" endtime="20200719 21:17:43.584"></status>
</kw>
<kw name="Click Element" library="SeleniumLibrary">
<doc>Click the element identified by ``locator``.</doc>
<arguments>
<arg>class:btn-cadastrar</arg>
</arguments>
<msg timestamp="20200719 21:17:43.587" level="INFO">Clicking element 'class:btn-cadastrar'.</msg>
<status status="PASS" starttime="20200719 21:17:43.585" endtime="20200719 21:17:44.412"></status>
</kw>
<status status="PASS" starttime="20200719 21:17:32.332" endtime="20200719 21:17:44.412"></status>
</kw>
<kw name="Então devo ver este prato no meu dashboard" library="kws">
<kw name="Wait Until Element Contains" library="SeleniumLibrary">
<doc>Waits until the element ``locator`` contains ``text``.</doc>
<arguments>
<arg>class:product-list</arg>
<arg>${produto['nome']}</arg>
</arguments>
<status status="PASS" starttime="20200719 21:17:44.421" endtime="20200719 21:17:45.747"></status>
</kw>
<status status="PASS" starttime="20200719 21:17:44.421" endtime="20200719 21:17:45.747"></status>
</kw>
<kw name="Close Session" library="base" type="teardown">
<kw name="Close Browser" library="SeleniumLibrary">
<doc>Closes the current browser.</doc>
<status status="PASS" starttime="20200719 21:17:45.757" endtime="20200719 21:17:49.068"></status>
</kw>
<status status="PASS" starttime="20200719 21:17:45.757" endtime="20200719 21:17:49.068"></status>
</kw>
<status status="PASS" starttime="20200719 21:17:07.402" endtime="20200719 21:17:49.068" critical="yes"></status>
</test>
<doc>Cadastro de produtos/pratos
Sendo um cozinheiro amador
Quero cadastrar meus melhores pratos
Para que eu possa cozinha-los para outras pessoas</doc>
<status status="PASS" starttime="20200719 21:17:06.270" endtime="20200719 21:17:49.068"></status>
</suite>
<statistics>
<total>
<stat pass="1" fail="0">Critical Tests</stat>
<stat pass="1" fail="0">All Tests</stat>
</total>
<tag>
</tag>
<suite>
<stat pass="1" fail="0" id="s1" name="Produtos">Produtos</stat>
</suite>
</statistics>
<errors>
</errors>
</robot>
