<?xml version="1.0" encoding="UTF-8"?>
<robot generator="Robot 3.2.1 (Python 3.8.3 on win32)" generated="20200716 23:36:38.031" rpa="false">
<suite id="s1" name="Produtos" source="c:\Projetos\roboweek\ninjachef\tests\produtos.robot">
<test id="s1-t1" name="Novo prato">
<kw name="Open Session" library="base" type="setup">
<kw name="Open Browser" library="SeleniumLibrary">
<doc>Opens a new browser instance to the optional ``url``.</doc>
<arguments>
<arg>about:blank</arg>
<arg>firefox</arg>
</arguments>
<msg timestamp="20200716 23:36:38.642" level="INFO">Opening browser 'firefox' to base url 'about:blank'.</msg>
<msg timestamp="20200716 23:36:38.642" level="INFO">Firefox driver log is always forced to to: c:\Projetos\roboweek\ninjachef\logs\geckodriver-5.log</msg>
<status status="PASS" starttime="20200716 23:36:38.642" endtime="20200716 23:36:58.914"></status>
</kw>
<status status="PASS" starttime="20200716 23:36:38.642" endtime="20200716 23:36:58.914"></status>
</kw>
<kw name="Dado que &quot;${lasanha}&quot; é um dos meus pratos" library="kws">
<kw name="Set Test Variable" library="BuiltIn">
<doc>Makes a variable available everywhere within the scope of the current test.</doc>
<arguments>
<arg>${produto}</arg>
</arguments>
<msg timestamp="20200716 23:36:58.925" level="INFO">${produto} = {'nome': 'Lasanha de Carne', 'tipo': 'Massas', 'preco': '15.00'}</msg>
<status status="PASS" starttime="20200716 23:36:58.925" endtime="20200716 23:36:58.925"></status>
</kw>
<status status="PASS" starttime="20200716 23:36:58.925" endtime="20200716 23:36:58.925"></status>
</kw>
<kw name="Quando faço o cadastro desse item" library="kws">
<kw name="Click Element" library="SeleniumLibrary">
<doc>Click the element identified by ``locator``.</doc>
<arguments>
<arg>clas:btn-add</arg>
</arguments>
<msg timestamp="20200716 23:36:58.925" level="INFO">Clicking element 'clas:btn-add'.</msg>
<kw name="Capture Page Screenshot" library="SeleniumLibrary">
<doc>Takes a screenshot of the current page and embeds it into a log file.</doc>
<msg timestamp="20200716 23:36:59.508" level="INFO" html="yes">&lt;/td&gt;&lt;/tr&gt;&lt;tr&gt;&lt;td colspan="3"&gt;&lt;a href="selenium-screenshot-1.png"&gt;&lt;img src="selenium-screenshot-1.png" width="800px"&gt;&lt;/a&gt;</msg>
<status status="PASS" starttime="20200716 23:36:59.100" endtime="20200716 23:36:59.508"></status>
</kw>
<msg timestamp="20200716 23:36:59.906" level="FAIL">Element with locator 'clas:btn-add' not found.</msg>
<status status="FAIL" starttime="20200716 23:36:58.925" endtime="20200716 23:36:59.906"></status>
</kw>
<status status="FAIL" starttime="20200716 23:36:58.925" endtime="20200716 23:36:59.906"></status>
</kw>
<kw name="Close Session" library="base" type="teardown">
<kw name="Close Browser" library="SeleniumLibrary">
<doc>Closes the current browser.</doc>
<status status="PASS" starttime="20200716 23:36:59.906" endtime="20200716 23:37:03.294"></status>
</kw>
<status status="PASS" starttime="20200716 23:36:59.906" endtime="20200716 23:37:03.294"></status>
</kw>
<status status="FAIL" starttime="20200716 23:36:38.642" endtime="20200716 23:37:03.294" critical="yes">Element with locator 'clas:btn-add' not found.</status>
</test>
<doc>Cadastro de produtos/pratos
Sendo um cozinheiro amador
Quero cadastrar meus melhores pratos
Para que eu possa cozinha-los para outras pessoas</doc>
<status status="FAIL" starttime="20200716 23:36:38.041" endtime="20200716 23:37:03.304"></status>
</suite>
<statistics>
<total>
<stat pass="0" fail="1">Critical Tests</stat>
<stat pass="0" fail="1">All Tests</stat>
</total>
<tag>
</tag>
<suite>
<stat pass="0" fail="1" id="s1" name="Produtos">Produtos</stat>
</suite>
</statistics>
<errors>
</errors>
</robot>
