<?xml version="1.0" encoding="UTF-8"?>
<robot generator="Robot 3.2.1 (Python 3.8.5 on win32)" generated="20200730 17:30:01.507" rpa="false">
<suite id="s1" name="Login" source="c:\Projetos\roboweek\ninjachef\mobile\tests\login.robot">
<test id="s1-t1" name="Acessar o cardapio">
<kw name="Open Session" library="base" type="setup">
<kw name="Open Application" library="AppiumLibrary">
<doc>Opens a new application to given Appium server.
Capabilities of appium server, Android and iOS,
Please check https://github.com/appium/appium/blob/master/docs/en/writing-running-appium/server-args.md
| *Option*            | *Man.* | *Description*     |
| remote_url          | Yes    | Appium server url |
| alias               | no     | alias             |</doc>
<arguments>
<arg>http://localhost:4723/wd/hub</arg>
<arg>automationName=UiAutomator2</arg>
<arg>platformName=Android</arg>
<arg>deviceName=Emulator</arg>
<arg>app=${EXECDIR}/app/ninjachef.apk</arg>
<arg>udid=emulator-5554</arg>
<arg>adbExecTimeout=50000</arg>
</arguments>
<status status="PASS" starttime="20200730 17:30:01.890" endtime="20200730 17:30:41.890"></status>
</kw>
<status status="PASS" starttime="20200730 17:30:01.890" endtime="20200730 17:30:41.891"></status>
</kw>
<kw name="Dado que desejo comer &quot;Massas&quot;" library="kws">
<kw name="Set Test Variable" library="BuiltIn">
<doc>Makes a variable available everywhere within the scope of the current test.</doc>
<arguments>
<arg>${prato}</arg>
</arguments>
<msg timestamp="20200730 17:30:41.893" level="INFO">${prato} = Massas</msg>
<status status="PASS" starttime="20200730 17:30:41.892" endtime="20200730 17:30:41.893"></status>
</kw>
<status status="PASS" starttime="20200730 17:30:41.892" endtime="20200730 17:30:41.893"></status>
</kw>
<kw name="Quando submeto o meu email &quot;papito@qaninja.com.br&quot;" library="kws">
<kw name="Wait Until Page Contains" library="AppiumLibrary">
<doc>Waits until `text` appears on current page.</doc>
<arguments>
<arg>Buscar Prato</arg>
<arg>10</arg>
</arguments>
<status status="PASS" starttime="20200730 17:30:41.896" endtime="20200730 17:30:51.126"></status>
</kw>
<kw name="Input Text" library="AppiumLibrary">
<doc>Types the given `text` into text field identified by `locator`.</doc>
<arguments>
<arg>accessibility_id=emailInput</arg>
<arg>${email}</arg>
</arguments>
<msg timestamp="20200730 17:30:51.128" level="INFO">Typing text 'papito@qaninja.com.br' into text field 'accessibility_id=emailInput'</msg>
<status status="PASS" starttime="20200730 17:30:51.126" endtime="20200730 17:30:51.826"></status>
</kw>
<kw name="Input Text" library="AppiumLibrary">
<doc>Types the given `text` into text field identified by `locator`.</doc>
<arguments>
<arg>accessibility_id=plateInput</arg>
<arg>${prato}</arg>
</arguments>
<msg timestamp="20200730 17:30:51.828" level="INFO">Typing text 'Massas' into text field 'accessibility_id=plateInput'</msg>
<status status="PASS" starttime="20200730 17:30:51.826" endtime="20200730 17:30:52.846"></status>
</kw>
<kw name="Click Text" library="AppiumLibrary">
<doc>Click text identified by ``text``.</doc>
<arguments>
<arg>Buscar Prato</arg>
</arguments>
<status status="PASS" starttime="20200730 17:30:52.846" endtime="20200730 17:30:54.318"></status>
</kw>
<status status="PASS" starttime="20200730 17:30:41.895" endtime="20200730 17:30:54.318"></status>
</kw>
<kw name="Então devo ser ver os pratos do tipo" library="kws">
<kw name="Wait Until Page Contains" library="AppiumLibrary">
<doc>Waits until `text` appears on current page.</doc>
<arguments>
<arg>Fome de ${prato}</arg>
</arguments>
<status status="PASS" starttime="20200730 17:30:54.341" endtime="20200730 17:31:00.295"></status>
</kw>
<status status="PASS" starttime="20200730 17:30:54.340" endtime="20200730 17:31:00.295"></status>
</kw>
<kw name="Close Session" library="base" type="teardown">
<kw name="Capture Page Screenshot" library="AppiumLibrary">
<doc>Takes a screenshot of the current page and embeds it into the log.</doc>
<msg timestamp="20200730 17:31:01.525" level="INFO" html="yes">&lt;/td&gt;&lt;/tr&gt;&lt;tr&gt;&lt;td colspan="3"&gt;&lt;a href="appium-screenshot-1.png"&gt;&lt;img src="appium-screenshot-1.png" width="800px"&gt;&lt;/a&gt;</msg>
<status status="PASS" starttime="20200730 17:31:00.310" endtime="20200730 17:31:01.525"></status>
</kw>
<kw name="Close Application" library="AppiumLibrary">
<doc>Closes the current application and also close webdriver session.</doc>
<status status="PASS" starttime="20200730 17:31:01.525" endtime="20200730 17:31:05.066"></status>
</kw>
<status status="PASS" starttime="20200730 17:31:00.309" endtime="20200730 17:31:05.067"></status>
</kw>
<status status="PASS" starttime="20200730 17:30:01.889" endtime="20200730 17:31:05.082" critical="yes"></status>
</test>
<doc>Testes do login no NinjaChef Mobile</doc>
<status status="PASS" starttime="20200730 17:30:01.509" endtime="20200730 17:31:05.113"></status>
</suite>
<statistics>
<total>
<stat pass="1" fail="0">Critical Tests</stat>
<stat pass="1" fail="0">All Tests</stat>
</total>
<tag>
</tag>
<suite>
<stat pass="1" fail="0" id="s1" name="Login">Login</stat>
</suite>
</statistics>
<errors>
</errors>
</robot>
