<?xml version="1.0" encoding="UTF-8"?>
<robot generator="Robot 3.2.1 (Python 3.8.5 on win32)" generated="20200729 19:29:46.852" rpa="false">
<suite id="s1" name="Login" source="c:\Projetos\roboweek\ninjachef\mobile\tests\login.robot">
<test id="s1-t1" name="Acessar o cardapio">
<kw name="Open Session" library="base" type="setup">
<kw name="Open Application" library="AppiumLibrary">
<doc>Opens a new application to given Appium server.
Capabilities of appium server, Android and iOS,
Please check https://github.com/appium/appium/blob/master/docs/en/writing-running-appium/server-args.md
| *Option*            | *Man.* | *Description*     |
| remote_url          | Yes    | Appium server url |
| alias               | no     | alias             |</doc>
<arguments>
<arg>http://localhost:4723/wd/hub</arg>
<arg>automationName=UiAutomator2</arg>
<arg>platformName=Android</arg>
<arg>deviceName=Emulator</arg>
<arg>app=${EXECDIR}\\app\\ninjachef.apk</arg>
<arg>udid=0053009945</arg>
<arg>adbExecTimeout=50000</arg>
</arguments>
<kw name="Capture Page Screenshot" library="AppiumLibrary">
<doc>Takes a screenshot of the current page and embeds it into the log.</doc>
<msg timestamp="20200729 19:29:52.031" level="FAIL">No application is open</msg>
<status status="FAIL" starttime="20200729 19:29:51.998" endtime="20200729 19:29:52.032"></status>
</kw>
<msg timestamp="20200729 19:29:52.033" level="WARN">Keyword 'Capture Page Screenshot' could not be run on failure: No application is open</msg>
<msg timestamp="20200729 19:29:52.102" level="FAIL">WebDriverException: Message: An unknown server-side error occurred while processing the command. Original error: The application at 'c:\Projetos\roboweek\ninjachef\mobile\tests\app\ninjachef.apk' does not exist or is not accessible
</msg>
<status status="FAIL" starttime="20200729 19:29:49.802" endtime="20200729 19:29:52.102"></status>
</kw>
<status status="FAIL" starttime="20200729 19:29:49.801" endtime="20200729 19:29:52.102"></status>
</kw>
<kw name="Close Session" library="base" type="teardown">
<kw name="Close Application" library="AppiumLibrary">
<doc>Closes the current application and also close webdriver session.</doc>
<kw name="Capture Page Screenshot" library="AppiumLibrary">
<doc>Takes a screenshot of the current page and embeds it into the log.</doc>
<msg timestamp="20200729 19:29:52.104" level="FAIL">No application is open</msg>
<status status="FAIL" starttime="20200729 19:29:52.103" endtime="20200729 19:29:52.104"></status>
</kw>
<msg timestamp="20200729 19:29:52.105" level="WARN">Keyword 'Capture Page Screenshot' could not be run on failure: No application is open</msg>
<msg timestamp="20200729 19:29:52.110" level="FAIL">No application is open</msg>
<status status="FAIL" starttime="20200729 19:29:52.103" endtime="20200729 19:29:52.111"></status>
</kw>
<status status="FAIL" starttime="20200729 19:29:52.103" endtime="20200729 19:29:52.111">No application is open</status>
</kw>
<status status="FAIL" starttime="20200729 19:29:49.801" endtime="20200729 19:29:52.112" critical="yes">Setup failed:
WebDriverException: Message: An unknown server-side error occurred while processing the command. Original error: The application at 'c:\Projetos\roboweek\ninjachef\mobile\tests\app\ninjachef.apk' does not exist or is not accessible


Also teardown failed:
No application is open</status>
</test>
<doc>Testes do login no NinjaChef Mobile</doc>
<status status="FAIL" starttime="20200729 19:29:46.854" endtime="20200729 19:29:52.117"></status>
</suite>
<statistics>
<total>
<stat pass="0" fail="1">Critical Tests</stat>
<stat pass="0" fail="1">All Tests</stat>
</total>
<tag>
</tag>
<suite>
<stat pass="0" fail="1" id="s1" name="Login">Login</stat>
</suite>
</statistics>
<errors>
<msg timestamp="20200729 19:29:52.033" level="WARN">Keyword 'Capture Page Screenshot' could not be run on failure: No application is open</msg>
<msg timestamp="20200729 19:29:52.105" level="WARN">Keyword 'Capture Page Screenshot' could not be run on failure: No application is open</msg>
</errors>
</robot>
