<?xml version="1.0" encoding="UTF-8"?>
<robot generator="Robot 3.2.1 (Python 3.8.3 on win32)" generated="20200714 12:33:45.496" rpa="false">
<suite id="s1" name="Cadastro" source="c:\Projetos\roboweek\ninjachef\tests\cadastro.robot">
<test id="s1-t1" name="Cadastro simples">
<kw name="Open Session" library="base" type="setup">
<kw name="Open Browser" library="SeleniumLibrary">
<doc>Opens a new browser instance to the optional ``url``.</doc>
<arguments>
<arg>about:blank</arg>
<arg>firefox</arg>
</arguments>
<msg timestamp="20200714 12:33:46.087" level="INFO">Opening browser 'firefox' to base url 'about:blank'.</msg>
<msg timestamp="20200714 12:33:46.087" level="INFO">Firefox driver log is always forced to to: c:\Projetos\roboweek\ninjachef\tests\geckodriver-1.log</msg>
<status status="PASS" starttime="20200714 12:33:46.087" endtime="20200714 12:34:00.631"></status>
</kw>
<status status="PASS" starttime="20200714 12:33:46.087" endtime="20200714 12:34:00.631"></status>
</kw>
<kw name="Dado que acesso a página principal" library="kws">
<kw name="Go To" library="SeleniumLibrary">
<doc>Navigates the current browser window to the provided ``url``.</doc>
<arguments>
<arg>http://ninjachef-qaninja-io.umbler.net/</arg>
</arguments>
<msg timestamp="20200714 12:34:00.631" level="INFO">Opening url 'http://ninjachef-qaninja-io.umbler.net/'</msg>
<status status="PASS" starttime="20200714 12:34:00.631" endtime="20200714 12:34:05.920"></status>
</kw>
<status status="PASS" starttime="20200714 12:34:00.631" endtime="20200714 12:34:05.920"></status>
</kw>
<kw name="Quando submeto o meu email &quot;joao@gmail.com&quot;" library="kws">
<kw name="Input Text" library="SeleniumLibrary">
<doc>Types the given ``text`` into the text field identified by ``locator``.</doc>
<arguments>
<arg>id:email</arg>
<arg>${email}</arg>
</arguments>
<msg timestamp="20200714 12:34:05.959" level="INFO">Typing text 'joao@gmail.com' into text field 'id:email'.</msg>
<status status="PASS" starttime="20200714 12:34:05.959" endtime="20200714 12:34:06.416"></status>
</kw>
<kw name="Click Element" library="SeleniumLibrary">
<doc>Click the element identified by ``locator``.</doc>
<arguments>
<arg>css:button[type=submit]</arg>
</arguments>
<msg timestamp="20200714 12:34:06.425" level="INFO">Clicking element 'css:button[type=submit]'.</msg>
<status status="PASS" starttime="20200714 12:34:06.416" endtime="20200714 12:34:06.793"></status>
</kw>
<status status="PASS" starttime="20200714 12:34:05.959" endtime="20200714 12:34:06.793"></status>
</kw>
<kw name="Então devo ser autenticado" library="kws">
<kw name="Wait Until Page Contains Element" library="SeleniumLibrary">
<doc>Waits until the element ``locator`` appears on the current page.</doc>
<arguments>
<arg>class:dashboard</arg>
</arguments>
<status status="PASS" starttime="20200714 12:34:06.793" endtime="20200714 12:34:07.130"></status>
</kw>
<status status="PASS" starttime="20200714 12:34:06.793" endtime="20200714 12:34:07.130"></status>
</kw>
<kw name="Close Session" library="base" type="teardown">
<kw name="Close Browser" library="SeleniumLibrary">
<doc>Closes the current browser.</doc>
<status status="PASS" starttime="20200714 12:34:07.130" endtime="20200714 12:34:11.287"></status>
</kw>
<status status="PASS" starttime="20200714 12:34:07.130" endtime="20200714 12:34:11.287"></status>
</kw>
<status status="PASS" starttime="20200714 12:33:46.087" endtime="20200714 12:34:11.287" critical="yes"></status>
</test>
<doc>Suite dos testes de cadastro</doc>
<status status="PASS" starttime="20200714 12:33:45.496" endtime="20200714 12:34:11.287"></status>
</suite>
<statistics>
<total>
<stat pass="1" fail="0">Critical Tests</stat>
<stat pass="1" fail="0">All Tests</stat>
</total>
<tag>
</tag>
<suite>
<stat pass="1" fail="0" id="s1" name="Cadastro">Cadastro</stat>
</suite>
</statistics>
<errors>
</errors>
</robot>
